INFO:root:Client object created
INFO:root:Entered the context of a View object
DEBUG:root:Passed View object to IRC Client
DEBUG:root:IRC Client is subscribed to the View (to receive user input)
DEBUG:asyncio:Using selector: EpollSelector
DEBUG:root:Character int: 102
DEBUG:root:Character int: 115
DEBUG:root:Character int: 97
DEBUG:root:Character int: 100
DEBUG:root:Character int: 102
DEBUG:root:Character int: 115
DEBUG:root:Character int: 106
DEBUG:root:Character int: 107
DEBUG:root:Character int: 97
DEBUG:root:Character int: 100
DEBUG:root:Character int: 102
DEBUG:root:Character int: 104
DEBUG:root:Character int: 108
DEBUG:root:Character int: 115
DEBUG:root:Character int: 97
DEBUG:root:Character int: 100
DEBUG:root:Character int: 102
DEBUG:root:Character int: 10
DEBUG:root:Input line: fsadfsjkadfhlsadf
INFO:root:IRCClient.update -> msg: fsadfsjkadfhlsadf
DEBUG:root:Character int: 115
DEBUG:root:Character int: 97
DEBUG:root:Character int: 100
DEBUG:root:Character int: 102
DEBUG:root:Character int: 10
DEBUG:root:Input line: sadf
INFO:root:IRCClient.update -> msg: sadf
DEBUG:root:Character int: 115
DEBUG:root:Character int: 100
DEBUG:root:Character int: 10
DEBUG:root:Input line: sd
INFO:root:IRCClient.update -> msg: sd
DEBUG:root:Character int: 10
DEBUG:root:Input line: 
DEBUG:root:Character int: 115
DEBUG:root:Character int: 102
DEBUG:root:Character int: 10
DEBUG:root:Input line: sf
INFO:root:IRCClient.update -> msg: sf
DEBUG:root:Character int: 97
DEBUG:root:Character int: 115
DEBUG:root:Character int: 102
DEBUG:root:Character int: 10
DEBUG:root:Input line: asf
INFO:root:IRCClient.update -> msg: asf
DEBUG:root:Character int: 27
DEBUG:root:Character int: 58
DEBUG:root:Character int: 127
DEBUG:root:Character int: 127
DEBUG:root:Character int: 127
DEBUG:root:Character int: 127
DEBUG:root:Character int: 102
DEBUG:root:Character int: 97
DEBUG:root:Character int: 115
DEBUG:root:Character int: 100
DEBUG:root:Character int: 102
DEBUG:root:Character int: 97
DEBUG:root:Character int: 115
DEBUG:root:Character int: 100
DEBUG:root:Character int: 102
DEBUG:root:Character int: 10
DEBUG:root:Input line: fasdfasdf
INFO:root:IRCClient.update -> msg: fasdfasdf
DEBUG:root:Character int: 115
DEBUG:root:Character int: 100
DEBUG:root:Character int: 102
DEBUG:root:Character int: 10
DEBUG:root:Input line: sdf
INFO:root:IRCClient.update -> msg: sdf
DEBUG:root:Character int: 115
DEBUG:root:Character int: 100
DEBUG:root:Character int: 10
DEBUG:root:Input line: sd
INFO:root:IRCClient.update -> msg: sd
DEBUG:root:Character int: 102
DEBUG:root:Character int: 97
DEBUG:root:Character int: 115
DEBUG:root:Character int: 100
DEBUG:root:Character int: 10
DEBUG:root:Input line: fasd
INFO:root:IRCClient.update -> msg: fasd
DEBUG:root:Character int: 102
DEBUG:root:Character int: 10
DEBUG:root:Input line: f
INFO:root:IRCClient.update -> msg: f
DEBUG:root:Character int: 115
DEBUG:root:Character int: 100
DEBUG:root:Character int: 102
DEBUG:root:Character int: 10
DEBUG:root:Input line: sdf
INFO:root:IRCClient.update -> msg: sdf
DEBUG:root:Character int: 115
DEBUG:root:Character int: 127
DEBUG:root:Character int: 127
DEBUG:root:Character int: 27
DEBUG:root:Character int: 58
DEBUG:root:Character int: 127
DEBUG:root:Character int: 127
DEBUG:root:Character int: 127
DEBUG:root:Character int: 127
DEBUG:root:Character int: 47
DEBUG:root:Character int: 27
DEBUG:root:Character int: 91
DEBUG:root:Character int: 65
DEBUG:root:Character int: 127
DEBUG:root:Character int: 127
DEBUG:root:Character int: 127
DEBUG:root:Character int: 127
DEBUG:root:Character int: 113
DEBUG:root:Character int: 117
DEBUG:root:Character int: 105
DEBUG:root:Character int: 116
DEBUG:root:Character int: 10
DEBUG:root:Input line: quit
INFO:root:IRCClient.update -> msg: quit
DEBUG:root:Character int: 47
DEBUG:root:Character int: 113
DEBUG:root:Character int: 105
DEBUG:root:Character int: 117
DEBUG:root:Character int: 127
DEBUG:root:Character int: 127
DEBUG:root:Character int: 117
DEBUG:root:Character int: 105
DEBUG:root:Character int: 116
DEBUG:root:Character int: 10
DEBUG:root:Input line: /quit
INFO:root:IRCClient.update -> msg: /quit
DEBUG:root:KeyboardInterrupt detected within the view
DEBUG:root:Signifies end of process
DEBUG:root:Exiting context and closing View object
DEBUG:root:Closing IRC Client object
INFO:root:Client object created
INFO:root:Entered the context of a View object
DEBUG:root:Passed View object to IRC Client
DEBUG:root:IRC Client is subscribed to the View (to receive user input)
DEBUG:asyncio:Using selector: EpollSelector
DEBUG:root:Signifies end of process
DEBUG:root:Exiting context and closing View object
DEBUG:root:Closing IRC Client object
INFO:root:Client object created
INFO:root:Entered the context of a View object
DEBUG:root:Passed View object to IRC Client
DEBUG:root:IRC Client is subscribed to the View (to receive user input)
DEBUG:asyncio:Using selector: EpollSelector
DEBUG:root:Character int: 410
DEBUG:root:Character int: 410
DEBUG:root:Signifies end of process
DEBUG:root:Exiting context and closing View object
DEBUG:root:Closing IRC Client object
INFO:root:Client object created
INFO:root:Entered the context of a View object
DEBUG:root:Passed View object to IRC Client
DEBUG:root:IRC Client is subscribed to the View (to receive user input)
DEBUG:asyncio:Using selector: EpollSelector
DEBUG:root:Character int: 102
DEBUG:root:Character int: 115
DEBUG:root:Character int: 100
DEBUG:root:Character int: 97
DEBUG:root:Character int: 102
DEBUG:root:Character int: 127
DEBUG:root:Character int: 127
DEBUG:root:Character int: 127
DEBUG:root:Character int: 127
DEBUG:root:Character int: 127
DEBUG:root:Signifies end of process
DEBUG:root:Exiting context and closing View object
DEBUG:root:Closing IRC Client object
INFO:root:Client object created
INFO:root:Entered the context of a View object
DEBUG:root:Passed View object to IRC Client
DEBUG:root:IRC Client is subscribed to the View (to receive user input)
DEBUG:asyncio:Using selector: EpollSelector
DEBUG:root:Character int: 102
DEBUG:root:Character int: 100
DEBUG:root:Character int: 100
DEBUG:root:Character int: 102
DEBUG:root:Character int: 115
DEBUG:root:Character int: 97
DEBUG:root:Character int: 115
DEBUG:root:Character int: 100
DEBUG:root:Character int: 102
DEBUG:root:Character int: 115
DEBUG:root:Character int: 100
DEBUG:root:Character int: 102
DEBUG:root:Character int: 97
DEBUG:root:Character int: 410
DEBUG:root:Character int: 410
DEBUG:root:Signifies end of process
DEBUG:root:Exiting context and closing View object
DEBUG:root:Closing IRC Client object
INFO:root:Client object created
INFO:root:Entered the context of a View object
DEBUG:root:Passed View object to IRC Client
DEBUG:root:IRC Client is subscribed to the View (to receive user input)
DEBUG:asyncio:Using selector: EpollSelector
DEBUG:root:Signifies end of process
DEBUG:root:Exiting context and closing View object
DEBUG:root:Closing IRC Client object
INFO:root:Client object created
INFO:root:Entered the context of a View object
DEBUG:root:Passed View object to IRC Client
DEBUG:root:IRC Client is subscribed to the View (to receive user input)
DEBUG:asyncio:Using selector: EpollSelector
DEBUG:root:Signifies end of process
DEBUG:root:Exiting context and closing View object
DEBUG:root:Closing IRC Client object
INFO:root:Client object created
INFO:root:Entered the context of a View object
DEBUG:root:Passed View object to IRC Client
DEBUG:root:IRC Client is subscribed to the View (to receive user input)
DEBUG:asyncio:Using selector: EpollSelector
DEBUG:root:Signifies end of process
DEBUG:root:Exiting context and closing View object
DEBUG:root:Closing IRC Client object
INFO:root:Client object created
INFO:root:Entered the context of a View object
DEBUG:root:Passed View object to IRC Client
DEBUG:root:IRC Client is subscribed to the View (to receive user input)
DEBUG:asyncio:Using selector: EpollSelector
DEBUG:root:Signifies end of process
DEBUG:root:Exiting context and closing View object
DEBUG:root:Closing IRC Client object
INFO:root:Client object created
INFO:root:Entered the context of a View object
DEBUG:root:Passed View object to IRC Client
DEBUG:root:IRC Client is subscribed to the View (to receive user input)
DEBUG:asyncio:Using selector: EpollSelector
DEBUG:root:Signifies end of process
DEBUG:root:Exiting context and closing View object
DEBUG:root:Closing IRC Client object
INFO:root:Client object created
INFO:root:Entered the context of a View object
DEBUG:root:Passed View object to IRC Client
DEBUG:root:IRC Client is subscribed to the View (to receive user input)
DEBUG:asyncio:Using selector: EpollSelector
DEBUG:root:Signifies end of process
DEBUG:root:Exiting context and closing View object
DEBUG:root:Closing IRC Client object
INFO:root:Client object created
INFO:root:Entered the context of a View object
DEBUG:root:Passed View object to IRC Client
DEBUG:root:IRC Client is subscribed to the View (to receive user input)
DEBUG:asyncio:Using selector: EpollSelector
DEBUG:root:Signifies end of process
DEBUG:root:Exiting context and closing View object
DEBUG:root:Closing IRC Client object
